proguard/seeds.txt
lt.andro.broadcastlogger.AnyBroadcastReceiver
lt.andro.broadcastlogger.AnyBroadcastReceiver: AnyBroadcastReceiver()
lt.andro.broadcastlogger.BroadcastMonitoringService
lt.andro.broadcastlogger.BroadcastMonitoringService: BroadcastMonitoringService()
lt.andro.broadcastlogger.MainActivity
lt.andro.broadcastlogger.MainActivity: MainActivity()
lt.andro.broadcastlogger.contentprovider.BroadcastContentProvider
lt.andro.broadcastlogger.contentprovider.BroadcastContentProvider: BroadcastContentProvider()
...
android.support.v4.app.FragmentActivity: FragmentActivity()