proguard/mapping.txt
lt.andro.broadcastlogger.AnyBroadcastReceiver -> lt.andro.broadcastlogger.AnyBroadcastReceiver:
    java.lang.String TAG -> a
    java.text.SimpleDateFormat dateFormat -> b
    void onReceive(android.content.Context,android.content.Intent) -> onReceive
    java.lang.String getExtrasString(android.content.Intent) -> a
lt.andro.broadcastlogger.BroadcastMonitoringService -> lt.andro.broadcastlogger.BroadcastMonitoringService:
    java.lang.String TAG -> a
    lt.andro.broadcastlogger.AnyBroadcastReceiver mAnyBroadcastReceiver -> b
    void onCreate() -> onCreate
    android.os.IBinder onBind(android.content.Intent) -> onBind
    int onStartCommand(android.content.Intent,int,int) -> onStartCommand
    void onDestroy() -> onDestroy
    void showNotification(android.content.Context,java.lang.String) -> a
lt.andro.broadcastlogger.MainActivity -> lt.andro.broadcastlogger.MainActivity:
    java.lang.String TAG -> e
    android.content.Intent mService -> f
    android.widget.ListView mMainListView -> g
    android.support.v4.widget.SimpleCursorAdapter mSimpleCursorAdapter -> h
    void onCreate(android.os.Bundle) -> onCreate
    boolean onCreateOptionsMenu(android.view.Menu) -> onCreateOptionsMenu
    boolean onMenuItemSelected(int,android.view.MenuItem) -> onMenuItemSelected
    android.support.v4.content.Loader onCreateLoader$e57f803() -> a
    void onLoaderReset$5dda1f52() -> b
    void onLoadFinished(android.support.v4.content.Loader,java.lang.Object) -> a
lt.andro.broadcastlogger.contentprovider.BroadcastContentProvider -> lt.andro.broadcastlogger.contentprovider.BroadcastContentProvider:
    lt.andro.broadcastlogger.db.BroadcastDatabaseHelper database -> b
    android.net.Uri CONTENT_URI -> a
    android.content.UriMatcher sURIMatcher -> c
    boolean onCreate() -> onCreate
    android.database.Cursor query(android.net.Uri,java.lang.String[],java.lang.String,java.lang.String[],java.lang.String) -> query
    java.lang.String getType(android.net.Uri) -> getType
    android.net.Uri insert(android.net.Uri,android.content.ContentValues) -> insert
    int delete(android.net.Uri,java.lang.String,java.lang.String[]) -> delete
    int update(android.net.Uri,android.content.ContentValues,java.lang.String,java.lang.String[]) -> update
lt.andro.broadcastlogger.db.BroadcastDatabaseHelper -> lt.andro.broadcastlogger.a.a:
    void onCreate(android.database.sqlite.SQLiteDatabase) -> onCreate
    void onUpgrade(android.database.sqlite.SQLiteDatabase,int,int) -> onUpgrade
lt.andro.broadcastlogger.db.BroadcastTable -> lt.andro.broadcastlogger.a.b:
    void onCreate(android.database.sqlite.SQLiteDatabase) -> a
    void onUpgrade(android.database.sqlite.SQLiteDatabase,int,int) -> a
...
android.support.v4.app.FragmentContainer -> a.a.a.a.m:
    android.view.View findViewById(int) -> a
android.support.v4.app.FragmentManager -> a.a.a.a.n:
android.support.v4.app.FragmentManagerImpl -> a.a.a.a.o:
    boolean DEBUG -> a
    boolean HONEYCOMB -> f
    boolean mExecutingActions -> g
    java.util.ArrayList mActive -> b
    java.util.ArrayList mAdded -> c
    java.util.ArrayList mAvailIndices -> h
    java.util.ArrayList mBackStack -> i
    java.util.ArrayList mCreatedMenus -> j
    java.util.ArrayList mBackStackIndices -> k
    java.util.ArrayList mAvailBackStackIndices -> l
    int mCurState -> d
    android.support.v4.app.FragmentActivity mActivity -> m
    android.support.v4.app.FragmentContainer mContainer -> n
    android.support.v4.app.Fragment mParent -> o
    boolean mNeedMenuInvalidate -> p
    boolean mStateSaved -> q
    boolean mDestroyed -> r
    java.lang.String mNoTransactionsBecause -> e
    boolean mHavePendingDeferredStart -> s
    android.os.Bundle mStateBundle -> t
    android.util.SparseArray mStateArray -> u
    java.lang.Runnable mExecCommit -> v
    android.view.animation.Interpolator DECELERATE_QUINT -> w
    android.view.animation.Interpolator DECELERATE_CUBIC -> x
    void throwException(java.lang.RuntimeException) -> a
    boolean popBackStackImmediate() -> a
    android.support.v4.app.Fragment getFragment(android.os.Bundle,java.lang.String) -> a
    java.lang.String toString() -> toString
    void dump(java.lang.String,java.io.FileDescriptor,java.io.PrintWriter,java.lang.String[]) -> a
    android.view.animation.Animation makeOpenCloseAnimation$376f30fd(float,float,float,float) -> a
android.support.v4.app.FragmentManagerImpl$1 -> a.a.a.a.p:
    android.support.v4.app.FragmentManagerImpl this$0 -> a
    void run() -> run
android.support.v4.app.FragmentManagerImpl$5 -> a.a.a.a.q:
    android.support.v4.app.Fragment val$fragment -> a
    android.support.v4.app.FragmentManagerImpl this$0 -> b
    void onAnimationEnd(android.view.animation.Animation) -> onAnimationEnd
    void onAnimationRepeat(android.view.animation.Animation) -> onAnimationRepeat
    void onAnimationStart(android.view.animation.Animation) -> onAnimationStart
android.support.v4.app.FragmentManagerState -> a.a.a.a.r:
    android.support.v4.app.FragmentState[] mActive -> a
    int[] mAdded -> b
    android.support.v4.app.BackStackState[] mBackStack -> c
    int describeContents() -> describeContents
    void writeToParcel(android.os.Parcel,int) -> writeToParcel
android.support.v4.app.FragmentManagerState$1 -> a.a.a.a.s:
    java.lang.Object[] newArray(int) -> newArray
    java.lang.Object createFromParcel(android.os.Parcel) -> createFromParcel
android.support.v4.app.FragmentState -> a.a.a.a.t:
    java.lang.String mClassName -> d
    int mIndex -> e
    boolean mFromLayout -> f
    int mFragmentId -> g
    int mContainerId -> h
    java.lang.String mTag -> i
    boolean mRetainInstance -> j
    boolean mDetached -> k
    android.os.Bundle mArguments -> l
    android.os.Bundle mSavedFragmentState -> a
    android.support.v4.app.Fragment mInstance -> b
    android.os.Parcelable$Creator CREATOR -> c
    android.support.v4.app.Fragment instantiate(android.support.v4.app.FragmentActivity,android.support.v4.app.Fragment) -> a
    int describeContents() -> describeContents
    void writeToParcel(android.os.Parcel,int) -> writeToParcel
android.support.v4.app.FragmentState$1 -> a.a.a.a.u:
    java.lang.Object[] newArray(int) -> newArray
    java.lang.Object createFromParcel(android.os.Parcel) -> createFromParcel
android.support.v4.app.FragmentTransaction -> a.a.a.a.v:
android.support.v4.app.LoaderManager -> a.a.a.a.w:
    android.support.v4.content.Loader initLoader(int,android.os.Bundle,android.support.v4.app.LoaderManager$LoaderCallbacks) -> a
    boolean hasRunningLoaders() -> a