proguard/usage.txt
lt.andro.broadcastlogger.AnyBroadcastReceiver:
    public static final java.lang.String EXTRA_ACTION
    public static final java.lang.String EXTRA_EXTRAS
lt.andro.broadcastlogger.BroadcastMonitoringService:
    private static final int NOTIFICATION
    protected static final java.lang.String LOCAL_RECORDS_BROADCAST
lt.andro.broadcastlogger.BuildConfig
lt.andro.broadcastlogger.R
lt.andro.broadcastlogger.R$attr
lt.andro.broadcastlogger.R$color
lt.andro.broadcastlogger.R$drawable
lt.andro.broadcastlogger.R$id
lt.andro.broadcastlogger.R$layout
lt.andro.broadcastlogger.R$menu
lt.andro.broadcastlogger.R$string
lt.andro.broadcastlogger.R$style
lt.andro.broadcastlogger.contentprovider.BroadcastContentProvider:
    private static final int BROADCASTS
    private static final int BROADCAST_ID
    private static final java.lang.String AUTHORITY
    private static final java.lang.String BASE_PATH
    public static final java.lang.String CONTENT_TYPE
    public static final java.lang.String CONTENT_ITEM_TYPE
lt.andro.broadcastlogger.db.BroadcastDatabaseHelper:
    private static final java.lang.String DATABASE_NAME
    private static final int DATABASE_VERSION
lt.andro.broadcastlogger.db.BroadcastTable:
    public static final java.lang.String TABLE_NAME
    public static final java.lang.String COLUMN_ID
    public static final java.lang.String COLUMN_ACTION
    public static final java.lang.String COLUMN_EXTRAS
    public static final java.lang.String COLUMN_TIMESTAMP
    private static final java.lang.String DATABASE_CREATE
...
android.support.v4.app.ServiceCompat
android.support.v4.app.ShareCompat
android.support.v4.app.ShareCompat$IntentBuilder
android.support.v4.app.ShareCompat$IntentReader
android.support.v4.app.ShareCompat$ShareCompatImpl
android.support.v4.app.ShareCompat$ShareCompatImplBase
android.support.v4.app.ShareCompat$ShareCompatImplICS
android.support.v4.app.ShareCompat$ShareCompatImplJB
android.support.v4.app.ShareCompatICS
android.support.v4.app.ShareCompatJB
android.support.v4.app.TaskStackBuilder
android.support.v4.app.TaskStackBuilder$TaskStackBuilderImpl
android.support.v4.app.TaskStackBuilder$TaskStackBuilderImplBase
android.support.v4.app.TaskStackBuilder$TaskStackBuilderImplHoneycomb
android.support.v4.app.TaskStackBuilder$TaskStackBuilderImplJellybean
android.support.v4.app.TaskStackBuilderHoneycomb
android.support.v4.app.TaskStackBuilderJellybean
android.support.v4.content.AsyncTaskLoader:
    static final java.lang.String TAG
    static final boolean DEBUG
    103:107:public void setUpdateThrottle(long)
    254:262:public void waitForLoader()
android.support.v4.content.AsyncTaskLoader$LoadTask:
    40:40:static synthetic java.util.concurrent.CountDownLatch access$000(android.support.v4.content.AsyncTaskLoader$LoadTask)
android.support.v4.content.ContextCompat
android.support.v4.content.ContextCompatHoneycomb
android.support.v4.content.ContextCompatJellybean
android.support.v4.content.CursorLoader:
    95:97:public CursorLoader(android.content.Context)
    163:163:public android.net.Uri getUri()
    167:168:public void setUri(android.net.Uri)
    171:171:public java.lang.String[] getProjection()
    175:176:public void setProjection(java.lang.String[])
    179:179:public java.lang.String getSelection()
    183:184:public void setSelection(java.lang.String)
    187:187:public java.lang.String[] getSelectionArgs()
    191:192:public void setSelectionArgs(java.lang.String[])
    195:195:public java.lang.String getSortOrder()
    199:200:public void setSortOrder(java.lang.String)
android.support.v4.content.IntentCompat
android.support.v4.content.IntentCompat$IntentCompatImpl
android.support.v4.content.IntentCompat$IntentCompatImplBase
android.support.v4.content.IntentCompat$IntentCompatImplHC
android.support.v4.content.IntentCompat$IntentCompatImplIcsMr1
android.support.v4.content.IntentCompatHoneycomb
android.support.v4.content.IntentCompatIcsMr1
android.support.v4.content.Loader:
    118:118:public int getId()
    261:263:public void abandon()
    275:275:protected void onAbandon()
android.support.v4.content.LocalBroadcastManager
android.support.v4.content.LocalBroadcastManager$1
android.support.v4.content.LocalBroadcastManager$BroadcastRecord
android.support.v4.content.LocalBroadcastManager$ReceiverRecord
android.support.v4.content.ModernAsyncTask:
    private static final java.lang.String LOG_TAG
    private static final int CORE_POOL_SIZE
    private static final int MAXIMUM_POOL_SIZE
    private static final int KEEP_ALIVE
    private static final int MESSAGE_POST_RESULT
    private static final int MESSAGE_POST_PROGRESS
    106:107:public static void init()
    111:112:public static void setDefaultExecutor(java.util.concurrent.Executor)
    169:169:public final android.support.v4.content.ModernAsyncTask$Status getStatus()
    321:321:public final java.lang.Object get()
    341:341:public final java.lang.Object get(long,java.util.concurrent.TimeUnit)
    371:371:public final varargs android.support.v4.content.ModernAsyncTask execute(java.lang.Object[])
    433:434:public static void execute(java.lang.Runnable)
    451:455:protected final varargs void publishProgress(java.lang.Object[])
android.support.v4.content.ModernAsyncTask$Status:
    89:89:public static android.support.v4.content.ModernAsyncTask$Status valueOf(java.lang.String)
android.support.v4.content.pm.ActivityInfoCompat
android.support.v4.database.DatabaseUtilsCompat
android.support.v4.net.ConnectivityManagerCompat